1666880345556	geckodriver	INFO	Listening on 127.0.0.1:42369
1666880345563	mozrunner::runner	INFO	Running command: "/usr/bin/firefox" "--marionette" "--remote-debugging-port" "44479" "-no-remote" "-profile" "/tmp/rust_mozprofile1jjtLn"
Gtk-Message: 11:19:05.837: Failed to load module "appmenu-gtk-module"
ATTENTION: default value of option mesa_glthread overridden by environment.
ATTENTION: default value of option mesa_glthread overridden by environment.
ATTENTION: default value of option mesa_glthread overridden by environment.
ATTENTION: default value of option mesa_glthread overridden by environment.
1666880347136	Marionette	INFO	Marionette enabled
1666880347143	Marionette	INFO	Listening on port 42077
WebDriver BiDi listening on ws://127.0.0.1:44479
1666880347396	RemoteAgent	WARN	TLS certificate errors will be ignored for this session
console.warn: SearchSettings: "get: No settings file exists, new profile?" (new NotFoundError("Could not open the file at /tmp/rust_mozprofile1jjtLn/search.json.mozlz4", (void 0)))
Missing chrome or resource URL: resource://gre/modules/UpdateListener.sys.mjs
DevTools listening on ws://127.0.0.1:44479/devtools/browser/a8e2c04b-e628-4d2b-8c84-7d444bd4dc95
JavaScript error: https://resource.csnstatic.com/retail/sitenav/membership-assets-acf69784c94a37831af9.js, line 1: TypeError: a is undefined
JavaScript warning: https://pagead2.googlesyndication.com/bg/PTWQOrfCOp17EyrMcPeT6PfhP85_faJCCfTgkqMfTIQ.js line 2 > eval line 7673 > eval line 1 > eval line 1 > eval, line 1: WEBGL_debug_renderer_info is deprecated in Firefox and will be removed. Please use RENDERER.
JavaScript error: , line 0: TypeError: NetworkError when attempting to fetch resource.
JavaScript error: , line 0: TypeError: NetworkError when attempting to fetch resource.
JavaScript error: , line 0: TypeError: NetworkError when attempting to fetch resource.
JavaScript error: , line 0: TypeError: NetworkError when attempting to fetch resource.
JavaScript error: , line 0: TypeError: NetworkError when attempting to fetch resource.
JavaScript error: , line 0: TypeError: NetworkError when attempting to fetch resource.
Missing chrome or resource URL: resource://gre/modules/UpdateListener.sys.mjs
console.error: "Error during quit-application-granted: [Exception... \"File error: Not found\"  nsresult: \"0x80520012 (NS_ERROR_FILE_NOT_FOUND)\"  location: \"JS frame :: resource:///modules/BrowserGlue.jsm :: _onQuitApplicationGranted/tasks< :: line 2009\"  data: no]"
1666880398441	Marionette	INFO	Stopped listening on port 42077
console.warn: TopSitesFeed: Failed to fetch data from Contile server: NetworkError when attempting to fetch resource.
1666880404660	geckodriver	INFO	Listening on 127.0.0.1:39711
1666880404666	mozrunner::runner	INFO	Running command: "/usr/bin/firefox" "--marionette" "--remote-debugging-port" "58825" "-no-remote" "-profile" "/tmp/rust_mozprofile2EHLNR"
Gtk-Message: 11:20:04.880: Failed to load module "appmenu-gtk-module"
ATTENTION: default value of option mesa_glthread overridden by environment.
ATTENTION: default value of option mesa_glthread overridden by environment.
ATTENTION: default value of option mesa_glthread overridden by environment.
ATTENTION: default value of option mesa_glthread overridden by environment.
1666880405910	Marionette	INFO	Marionette enabled
1666880405916	Marionette	INFO	Listening on port 42479
WebDriver BiDi listening on ws://127.0.0.1:58825
1666880406099	RemoteAgent	WARN	TLS certificate errors will be ignored for this session
console.warn: SearchSettings: "get: No settings file exists, new profile?" (new NotFoundError("Could not open the file at /tmp/rust_mozprofile2EHLNR/search.json.mozlz4", (void 0)))
Missing chrome or resource URL: resource://gre/modules/UpdateListener.sys.mjs
DevTools listening on ws://127.0.0.1:58825/devtools/browser/0af5d722-4058-4f3c-87aa-0f88e689cfac
JavaScript error: https://resource.csnstatic.com/retail/sitenav/membership-assets-acf69784c94a37831af9.js, line 1: TypeError: a is undefined
JavaScript warning: https://pagead2.googlesyndication.com/bg/PTWQOrfCOp17EyrMcPeT6PfhP85_faJCCfTgkqMfTIQ.js line 2 > eval line 3145 > eval line 1 > eval line 1 > eval, line 1: WEBGL_debug_renderer_info is deprecated in Firefox and will be removed. Please use RENDERER.
JavaScript warning: https://pagead2.googlesyndication.com/bg/PTWQOrfCOp17EyrMcPeT6PfhP85_faJCCfTgkqMfTIQ.js line 2 > eval line 7713 > eval line 1 > eval line 1 > eval, line 1: WEBGL_debug_renderer_info is deprecated in Firefox and will be removed. Please use RENDERER.
Missing chrome or resource URL: resource://gre/modules/UpdateListener.sys.mjs
console.error: "Error during quit-application-granted: [Exception... \"File error: Not found\"  nsresult: \"0x80520012 (NS_ERROR_FILE_NOT_FOUND)\"  location: \"JS frame :: resource:///modules/BrowserGlue.jsm :: _onQuitApplicationGranted/tasks< :: line 2009\"  data: no]"
1666880434253	Marionette	INFO	Stopped listening on port 42479
JavaScript error: , line 0: TypeError: NetworkError when attempting to fetch resource.
JavaScript error: , line 0: TypeError: NetworkError when attempting to fetch resource.
JavaScript error: , line 0: TypeError: NetworkError when attempting to fetch resource.
JavaScript error: , line 0: TypeError: NetworkError when attempting to fetch resource.
JavaScript error: , line 0: TypeError: NetworkError when attempting to fetch resource.
JavaScript error: , line 0: TypeError: NetworkError when attempting to fetch resource.
JavaScript error: , line 0: TypeError: NetworkError when attempting to fetch resource.
